c:\users\tlseh\onedrive\desktop\projectngp\ngp_project\server\simplegame\x64\release\simplegame.pch
c:\users\tlseh\onedrive\desktop\projectngp\ngp_project\server\simplegame\x64\release\vc142.pdb
c:\users\tlseh\onedrive\desktop\projectngp\ngp_project\server\simplegame\x64\release\stdafx.obj
c:\users\tlseh\onedrive\desktop\projectngp\ngp_project\server\simplegame\x64\release\title.obj
c:\users\tlseh\onedrive\desktop\projectngp\ngp_project\server\simplegame\x64\release\tcpserver.obj
c:\users\tlseh\onedrive\desktop\projectngp\ngp_project\server\simplegame\x64\release\renderer.obj
c:\users\tlseh\onedrive\desktop\projectngp\ngp_project\server\simplegame\x64\release\gamedata.obj
c:\users\tlseh\onedrive\desktop\projectngp\ngp_project\server\x64\release\simplegame.exe
c:\users\tlseh\onedrive\desktop\projectngp\ngp_project\server\x64\release\simplegame.pdb
c:\users\tlseh\onedrive\desktop\projectngp\ngp_project\server\simplegame\x64\release\simplegame.iobj
c:\users\administrator\documents\github\ngp_project\server\x64\release\simplegame.ipdb
c:\users\administrator\documents\github\ngp_project\server\x64\release\simplegame.iobj
c:\users\tlseh\onedrive\desktop\projectngp\ngp_project\server\x64\release\simplegame.ipdb
c:\users\tlseh\onedrive\desktop\projectngp\ngp_project\server\x64\release\simplegame.iobj
d:\ngp_project\server\simplegame\x64\release\gamedata.obj
d:\ngp_project\server\simplegame\x64\release\gsegame.obj
d:\ngp_project\server\simplegame\x64\release\gseobject.obj
d:\ngp_project\server\simplegame\x64\release\renderer.obj
d:\ngp_project\server\simplegame\x64\release\simplegame.obj
d:\ngp_project\server\simplegame\x64\release\stdafx.obj
d:\ngp_project\server\simplegame\x64\release\tcpserver.obj
d:\ngp_project\server\simplegame\x64\release\title.obj
d:\ngp_project\server\simplegame\x64\release\simplegame.ipdb
d:\ngp_project\server\simplegame\x64\release\simplegame.iobj
d:\ngp_project\server\simplegame\x64\release\simplegame.pch
d:\ngp_project\server\simplegame\x64\release\vc142.pdb
d:\ngp_project\server\simplegame\x64\release\vc143.pdb
d:\ngp_project\server\x64\release\simplegame.pdb
d:\ngp_project\server\x64\release\simplegame.exe
d:\ngp_project\server\simplegame\x64\release\simplegame.tlog\cl.command.1.tlog
d:\ngp_project\server\simplegame\x64\release\simplegame.tlog\cl.read.1.tlog
d:\ngp_project\server\simplegame\x64\release\simplegame.tlog\cl.write.1.tlog
d:\ngp_project\server\simplegame\x64\release\simplegame.tlog\link.command.1.tlog
d:\ngp_project\server\simplegame\x64\release\simplegame.tlog\link.read.1.tlog
d:\ngp_project\server\simplegame\x64\release\simplegame.tlog\link.write.1.tlog
d:\ngp_project\server\simplegame\x64\release\simplegame.tlog\simplegame.write.1u.tlog
