  stdafx.cpp
  GSEGame.cpp
C:\Users\tlseh\OneDrive\Desktop\Project\SimpleGame\GSEGame.cpp(40,75): warning C4244: '인수': 'int'에서 'float'(으)로 변환하면서 데이터가 손실될 수 있습니다.
C:\Users\tlseh\OneDrive\Desktop\Project\SimpleGame\GSEGame.cpp(40,50): warning C4244: '인수': 'int'에서 'float'(으)로 변환하면서 데이터가 손실될 수 있습니다.
C:\Users\tlseh\OneDrive\Desktop\Project\SimpleGame\GSEGame.cpp(44,75): warning C4244: '인수': 'int'에서 'float'(으)로 변환하면서 데이터가 손실될 수 있습니다.
C:\Users\tlseh\OneDrive\Desktop\Project\SimpleGame\GSEGame.cpp(44,50): warning C4244: '인수': 'int'에서 'float'(으)로 변환하면서 데이터가 손실될 수 있습니다.
C:\Users\tlseh\OneDrive\Desktop\Project\SimpleGame\GSEGame.cpp(48,75): warning C4244: '인수': 'int'에서 'float'(으)로 변환하면서 데이터가 손실될 수 있습니다.
C:\Users\tlseh\OneDrive\Desktop\Project\SimpleGame\GSEGame.cpp(48,50): warning C4244: '인수': 'int'에서 'float'(으)로 변환하면서 데이터가 손실될 수 있습니다.
C:\Users\tlseh\OneDrive\Desktop\Project\SimpleGame\GSEGame.cpp(55,76): warning C4244: '인수': 'int'에서 'float'(으)로 변환하면서 데이터가 손실될 수 있습니다.
C:\Users\tlseh\OneDrive\Desktop\Project\SimpleGame\GSEGame.cpp(55,51): warning C4244: '인수': 'int'에서 'float'(으)로 변환하면서 데이터가 손실될 수 있습니다.
C:\Users\tlseh\OneDrive\Desktop\Project\SimpleGame\GSEGame.cpp(58,76): warning C4244: '인수': 'int'에서 'float'(으)로 변환하면서 데이터가 손실될 수 있습니다.
C:\Users\tlseh\OneDrive\Desktop\Project\SimpleGame\GSEGame.cpp(58,51): warning C4244: '인수': 'int'에서 'float'(으)로 변환하면서 데이터가 손실될 수 있습니다.
C:\Users\tlseh\OneDrive\Desktop\Project\SimpleGame\GSEGame.cpp(61,76): warning C4244: '인수': 'int'에서 'float'(으)로 변환하면서 데이터가 손실될 수 있습니다.
C:\Users\tlseh\OneDrive\Desktop\Project\SimpleGame\GSEGame.cpp(61,51): warning C4244: '인수': 'int'에서 'float'(으)로 변환하면서 데이터가 손실될 수 있습니다.
C:\Users\tlseh\OneDrive\Desktop\Project\SimpleGame\GSEGame.cpp(70,76): warning C4244: '인수': 'int'에서 'float'(으)로 변환하면서 데이터가 손실될 수 있습니다.
C:\Users\tlseh\OneDrive\Desktop\Project\SimpleGame\GSEGame.cpp(70,51): warning C4244: '인수': 'int'에서 'float'(으)로 변환하면서 데이터가 손실될 수 있습니다.
C:\Users\tlseh\OneDrive\Desktop\Project\SimpleGame\GSEGame.cpp(73,76): warning C4244: '인수': 'int'에서 'float'(으)로 변환하면서 데이터가 손실될 수 있습니다.
C:\Users\tlseh\OneDrive\Desktop\Project\SimpleGame\GSEGame.cpp(73,51): warning C4244: '인수': 'int'에서 'float'(으)로 변환하면서 데이터가 손실될 수 있습니다.
C:\Users\tlseh\OneDrive\Desktop\Project\SimpleGame\GSEGame.cpp(76,76): warning C4244: '인수': 'int'에서 'float'(으)로 변환하면서 데이터가 손실될 수 있습니다.
C:\Users\tlseh\OneDrive\Desktop\Project\SimpleGame\GSEGame.cpp(76,51): warning C4244: '인수': 'int'에서 'float'(으)로 변환하면서 데이터가 손실될 수 있습니다.
  GSEObject.cpp
  Renderer.cpp
C:\Users\tlseh\OneDrive\Desktop\Project\SimpleGame\Renderer.cpp(63,34): warning C4267: '=': 'size_t'에서 'GLint'(으)로 변환하면서 데이터가 손실될 수 있습니다.
  SimpleGame.cpp
  코드를 생성하고 있습니다.
  Previous IPDB not found, fall back to full compilation.
  All 186 functions were compiled because no usable IPDB/IOBJ from previous compilation was found.
  코드를 생성했습니다.
  SimpleGame.vcxproj -> C:\Users\tlseh\OneDrive\Desktop\Project\x64\Release\SimpleGame.exe
